<?xml version="1.0" encoding="UTF-8"?>
<testng-results skipped="0" failed="1" ignored="0" total="3" passed="2">
  <reporter-output>
  </reporter-output>
  <suite name="TDAutomationFramework2" duration-ms="6463" started-at="2020-06-19T01:47:58Z" finished-at="2020-06-19T01:48:05Z">
    <groups>
    </groups>
    <test name="Login Test" duration-ms="2382" started-at="2020-06-19T01:47:58Z" finished-at="2020-06-19T01:48:01Z">
      <class name="testcases.TC001Login">
        <test-method status="FAIL" signature="verifyLogin()[pri:0, instance:testcases.TC001Login@3b2da18f]" name="verifyLogin" duration-ms="1179" started-at="2020-06-18T21:47:58Z" finished-at="2020-06-18T21:47:59Z">
          <exception class="java.lang.AssertionError">
            <message>
              <![CDATA[expected [Zero - Account Summary] but found [Zero - Log in]]]>
            </message>
            <full-stacktrace>
              <![CDATA[java.lang.AssertionError: expected [Zero - Account Summary] but found [Zero - Log in]
	at org.testng.Assert.fail(Assert.java:93)
	at org.testng.Assert.failNotEquals(Assert.java:512)
	at org.testng.Assert.assertEqualsImpl(Assert.java:134)
	at org.testng.Assert.assertEquals(Assert.java:115)
	at org.testng.Assert.assertEquals(Assert.java:189)
	at org.testng.Assert.assertEquals(Assert.java:199)
	at testcases.TC001Login.verifyLogin(TC001Login.java:32)
	at sun.reflect.NativeMethodAccessorImpl.invoke0(Native Method)
	at sun.reflect.NativeMethodAccessorImpl.invoke(NativeMethodAccessorImpl.java:62)
	at sun.reflect.DelegatingMethodAccessorImpl.invoke(DelegatingMethodAccessorImpl.java:43)
	at java.lang.reflect.Method.invoke(Method.java:498)
	at org.testng.internal.MethodInvocationHelper.invokeMethod(MethodInvocationHelper.java:108)
	at org.testng.internal.Invoker.invokeMethod(Invoker.java:661)
	at org.testng.internal.Invoker.invokeTestMethod(Invoker.java:869)
	at org.testng.internal.Invoker.invokeTestMethods(Invoker.java:1193)
	at org.testng.internal.TestMethodWorker.invokeTestMethods(TestMethodWorker.java:126)
	at org.testng.internal.TestMethodWorker.run(TestMethodWorker.java:109)
	at org.testng.TestRunner.privateRun(TestRunner.java:744)
	at org.testng.TestRunner.run(TestRunner.java:602)
	at org.testng.SuiteRunner.runTest(SuiteRunner.java:380)
	at org.testng.SuiteRunner.runSequentially(SuiteRunner.java:375)
	at org.testng.SuiteRunner.privateRun(SuiteRunner.java:340)
	at org.testng.SuiteRunner.run(SuiteRunner.java:289)
	at org.testng.SuiteRunnerWorker.runSuite(SuiteRunnerWorker.java:52)
	at org.testng.SuiteRunnerWorker.run(SuiteRunnerWorker.java:86)
	at org.testng.TestNG.runSuitesSequentially(TestNG.java:1301)
	at org.testng.TestNG.runSuitesLocally(TestNG.java:1226)
	at org.testng.TestNG.runSuites(TestNG.java:1144)
	at org.testng.TestNG.run(TestNG.java:1115)
	at org.apache.maven.surefire.testng.TestNGExecutor.run(TestNGExecutor.java:283)
	at org.apache.maven.surefire.testng.TestNGXmlTestSuite.execute(TestNGXmlTestSuite.java:75)
	at org.apache.maven.surefire.testng.TestNGProvider.invoke(TestNGProvider.java:120)
	at org.apache.maven.surefire.booter.ForkedBooter.runSuitesInProcess(ForkedBooter.java:377)
	at org.apache.maven.surefire.booter.ForkedBooter.execute(ForkedBooter.java:138)
	at org.apache.maven.surefire.booter.ForkedBooter.run(ForkedBooter.java:465)
	at org.apache.maven.surefire.booter.ForkedBooter.main(ForkedBooter.java:451)
]]>
            </full-stacktrace>
          </exception> <!-- java.lang.AssertionError -->
          <reporter-output>
          </reporter-output>
        </test-method> <!-- verifyLogin -->
      </class> <!-- testcases.TC001Login -->
    </test> <!-- Login Test -->
    <test name="Add New Payee Test" duration-ms="2559" started-at="2020-06-19T01:48:01Z" finished-at="2020-06-19T01:48:03Z">
      <class name="testcases.TC002AddNewPayee">
        <test-method status="PASS" signature="AddPayee()[pri:0, instance:testcases.TC002AddNewPayee@6107227e]" name="AddPayee" duration-ms="2507" started-at="2020-06-18T21:48:01Z" finished-at="2020-06-18T21:48:03Z">
          <reporter-output>
          </reporter-output>
        </test-method> <!-- AddPayee -->
      </class> <!-- testcases.TC002AddNewPayee -->
    </test> <!-- Add New Payee Test -->
    <test name="Sprint Bill Pay Test" duration-ms="1497" started-at="2020-06-19T01:48:03Z" finished-at="2020-06-19T01:48:05Z">
      <class name="testcases.TC003PayBillSprint">
        <test-method status="PASS" signature="init()[pri:0, instance:testcases.TC003PayBillSprint@3745e5c6]" name="init" is-config="true" duration-ms="8120" started-at="2020-06-18T21:47:50Z" finished-at="2020-06-18T21:47:58Z">
          <reporter-output>
          </reporter-output>
        </test-method> <!-- init -->
        <test-method status="PASS" signature="payBillSprint()[pri:0, instance:testcases.TC003PayBillSprint@3745e5c6]" name="payBillSprint" duration-ms="1454" started-at="2020-06-18T21:48:03Z" finished-at="2020-06-18T21:48:05Z">
          <reporter-output>
          </reporter-output>
        </test-method> <!-- payBillSprint -->
        <test-method status="PASS" signature="tearDown()[pri:0, instance:testcases.TC003PayBillSprint@3745e5c6]" name="tearDown" is-config="true" duration-ms="1031" started-at="2020-06-18T21:48:05Z" finished-at="2020-06-18T21:48:06Z">
          <reporter-output>
          </reporter-output>
        </test-method> <!-- tearDown -->
      </class> <!-- testcases.TC003PayBillSprint -->
    </test> <!-- Sprint Bill Pay Test -->
  </suite> <!-- TDAutomationFramework2 -->
</testng-results>
